1726659658.076606 client started (95325): version 3.4, socket /run/user/1000/tmux-1000/default, protocol 8
1726659658.076627 on Linux 6.10.9 #1-NixOS SMP PREEMPT_DYNAMIC Sun Sep  8 05:56:41 UTC 2024
1726659658.076631 using libevent 2.1.12-stable poll
1726659658.076636 using utf8proc 2.9.0
1726659658.076639 using ncurses 6.4 20221231
1726659658.076649 flags are 0x10010000
1726659658.076659 socket is /run/user/1000/tmux-1000/default
1726659658.076671 trying connect
1726659658.076712 add peer 0x276537c0: 6 ((nil))
1726659658.076944 sending message 100 to peer 0x276537c0 (4 bytes)
1726659658.076952 sending message 111 to peer 0x276537c0 (8 bytes)
1726659658.076955 sending message 101 to peer 0x276537c0 (15 bytes)
1726659658.076957 sending message 109 to peer 0x276537c0 (4 bytes)
1726659658.076960 sending message 102 to peer 0x276537c0 (11 bytes)
1726659658.076962 sending message 108 to peer 0x276537c0 (22 bytes)
1726659658.076964 sending message 112 to peer 0x276537c0 (58 bytes)
1726659658.076967 sending message 112 to peer 0x276537c0 (5 bytes)
1726659658.076969 sending message 112 to peer 0x276537c0 (5 bytes)
1726659658.076971 sending message 112 to peer 0x276537c0 (6 bytes)
1726659658.076973 sending message 112 to peer 0x276537c0 (6 bytes)
1726659658.076976 sending message 112 to peer 0x276537c0 (11 bytes)
1726659658.076978 sending message 112 to peer 0x276537c0 (10 bytes)
1726659658.076980 sending message 112 to peer 0x276537c0 (13 bytes)
1726659658.076982 sending message 112 to peer 0x276537c0 (14 bytes)
1726659658.076984 sending message 112 to peer 0x276537c0 (19 bytes)
1726659658.076987 sending message 112 to peer 0x276537c0 (11 bytes)
1726659658.076989 sending message 112 to peer 0x276537c0 (10 bytes)
1726659658.076991 sending message 112 to peer 0x276537c0 (15 bytes)
1726659658.076993 sending message 112 to peer 0x276537c0 (21 bytes)
1726659658.076995 sending message 112 to peer 0x276537c0 (13 bytes)
1726659658.076997 sending message 112 to peer 0x276537c0 (7 bytes)
1726659658.076999 sending message 112 to peer 0x276537c0 (13 bytes)
1726659658.077002 sending message 112 to peer 0x276537c0 (7 bytes)
1726659658.077004 sending message 112 to peer 0x276537c0 (13 bytes)
1726659658.077006 sending message 112 to peer 0x276537c0 (9 bytes)
1726659658.077009 sending message 112 to peer 0x276537c0 (21 bytes)
1726659658.077011 sending message 112 to peer 0x276537c0 (13 bytes)
1726659658.077013 sending message 112 to peer 0x276537c0 (9 bytes)
1726659658.077015 sending message 112 to peer 0x276537c0 (16 bytes)
1726659658.077017 sending message 112 to peer 0x276537c0 (13 bytes)
1726659658.077019 sending message 112 to peer 0x276537c0 (9 bytes)
1726659658.077021 sending message 112 to peer 0x276537c0 (9 bytes)
1726659658.077023 sending message 112 to peer 0x276537c0 (12 bytes)
1726659658.077025 sending message 112 to peer 0x276537c0 (8 bytes)
1726659658.077028 sending message 112 to peer 0x276537c0 (8 bytes)
1726659658.077030 sending message 112 to peer 0x276537c0 (13 bytes)
1726659658.077032 sending message 112 to peer 0x276537c0 (7 bytes)
1726659658.077034 sending message 112 to peer 0x276537c0 (7 bytes)
1726659658.077036 sending message 112 to peer 0x276537c0 (9 bytes)
1726659658.077039 sending message 112 to peer 0x276537c0 (9 bytes)
1726659658.077041 sending message 112 to peer 0x276537c0 (15 bytes)
1726659658.077043 sending message 112 to peer 0x276537c0 (13 bytes)
1726659658.077045 sending message 112 to peer 0x276537c0 (12 bytes)
1726659658.077047 sending message 112 to peer 0x276537c0 (8 bytes)
1726659658.077049 sending message 112 to peer 0x276537c0 (14 bytes)
1726659658.077052 sending message 112 to peer 0x276537c0 (11 bytes)
1726659658.077054 sending message 112 to peer 0x276537c0 (9 bytes)
1726659658.077056 sending message 112 to peer 0x276537c0 (10 bytes)
1726659658.077058 sending message 112 to peer 0x276537c0 (10 bytes)
1726659658.077060 sending message 112 to peer 0x276537c0 (10 bytes)
1726659658.077063 sending message 112 to peer 0x276537c0 (10 bytes)
1726659658.077065 sending message 112 to peer 0x276537c0 (11 bytes)
1726659658.077074 sending message 112 to peer 0x276537c0 (12 bytes)
1726659658.077077 sending message 112 to peer 0x276537c0 (12 bytes)
1726659658.077079 sending message 112 to peer 0x276537c0 (12 bytes)
1726659658.077082 sending message 112 to peer 0x276537c0 (12 bytes)
1726659658.077084 sending message 112 to peer 0x276537c0 (12 bytes)
1726659658.077086 sending message 112 to peer 0x276537c0 (11 bytes)
1726659658.077088 sending message 112 to peer 0x276537c0 (11 bytes)
1726659658.077090 sending message 112 to peer 0x276537c0 (12 bytes)
1726659658.077092 sending message 112 to peer 0x276537c0 (12 bytes)
1726659658.077095 sending message 112 to peer 0x276537c0 (12 bytes)
1726659658.077097 sending message 112 to peer 0x276537c0 (12 bytes)
1726659658.077099 sending message 112 to peer 0x276537c0 (12 bytes)
1726659658.077101 sending message 112 to peer 0x276537c0 (9 bytes)
1726659658.077103 sending message 112 to peer 0x276537c0 (12 bytes)
1726659658.077105 sending message 112 to peer 0x276537c0 (13 bytes)
1726659658.077108 sending message 112 to peer 0x276537c0 (13 bytes)
1726659658.077110 sending message 112 to peer 0x276537c0 (13 bytes)
1726659658.077112 sending message 112 to peer 0x276537c0 (13 bytes)
1726659658.077114 sending message 112 to peer 0x276537c0 (13 bytes)
1726659658.077116 sending message 112 to peer 0x276537c0 (8 bytes)
1726659658.077118 sending message 112 to peer 0x276537c0 (11 bytes)
1726659658.077121 sending message 112 to peer 0x276537c0 (11 bytes)
1726659658.077123 sending message 112 to peer 0x276537c0 (11 bytes)
1726659658.077125 sending message 112 to peer 0x276537c0 (12 bytes)
1726659658.077127 sending message 112 to peer 0x276537c0 (12 bytes)
1726659658.077129 sending message 112 to peer 0x276537c0 (12 bytes)
1726659658.077132 sending message 112 to peer 0x276537c0 (12 bytes)
1726659658.077134 sending message 112 to peer 0x276537c0 (13 bytes)
1726659658.077136 sending message 112 to peer 0x276537c0 (13 bytes)
1726659658.077138 sending message 112 to peer 0x276537c0 (13 bytes)
1726659658.077140 sending message 112 to peer 0x276537c0 (8 bytes)
1726659658.077142 sending message 112 to peer 0x276537c0 (13 bytes)
1726659658.077145 sending message 112 to peer 0x276537c0 (13 bytes)
1726659658.077147 sending message 112 to peer 0x276537c0 (13 bytes)
1726659658.077149 sending message 112 to peer 0x276537c0 (13 bytes)
1726659658.077151 sending message 112 to peer 0x276537c0 (13 bytes)
1726659658.077153 sending message 112 to peer 0x276537c0 (12 bytes)
1726659658.077155 sending message 112 to peer 0x276537c0 (12 bytes)
1726659658.077158 sending message 112 to peer 0x276537c0 (12 bytes)
1726659658.077160 sending message 112 to peer 0x276537c0 (12 bytes)
1726659658.077162 sending message 112 to peer 0x276537c0 (13 bytes)
1726659658.077164 sending message 112 to peer 0x276537c0 (8 bytes)
1726659658.077166 sending message 112 to peer 0x276537c0 (13 bytes)
1726659658.077168 sending message 112 to peer 0x276537c0 (13 bytes)
1726659658.077171 sending message 112 to peer 0x276537c0 (13 bytes)
1726659658.077173 sending message 112 to peer 0x276537c0 (13 bytes)
1726659658.077175 sending message 112 to peer 0x276537c0 (13 bytes)
1726659658.077177 sending message 112 to peer 0x276537c0 (13 bytes)
1726659658.077179 sending message 112 to peer 0x276537c0 (13 bytes)
1726659658.077181 sending message 112 to peer 0x276537c0 (12 bytes)
1726659658.077184 sending message 112 to peer 0x276537c0 (12 bytes)
1726659658.077186 sending message 112 to peer 0x276537c0 (12 bytes)
1726659658.077188 sending message 112 to peer 0x276537c0 (8 bytes)
1726659658.077190 sending message 112 to peer 0x276537c0 (12 bytes)
1726659658.077192 sending message 112 to peer 0x276537c0 (13 bytes)
1726659658.077195 sending message 112 to peer 0x276537c0 (13 bytes)
1726659658.077197 sending message 112 to peer 0x276537c0 (13 bytes)
1726659658.077199 sending message 112 to peer 0x276537c0 (13 bytes)
1726659658.077202 sending message 112 to peer 0x276537c0 (13 bytes)
1726659658.077204 sending message 112 to peer 0x276537c0 (13 bytes)
1726659658.077206 sending message 112 to peer 0x276537c0 (13 bytes)
1726659658.077211 sending message 112 to peer 0x276537c0 (13 bytes)
1726659658.077214 sending message 112 to peer 0x276537c0 (12 bytes)
1726659658.077216 sending message 112 to peer 0x276537c0 (10 bytes)
1726659658.077218 sending message 112 to peer 0x276537c0 (12 bytes)
1726659658.077221 sending message 112 to peer 0x276537c0 (12 bytes)
1726659658.077223 sending message 112 to peer 0x276537c0 (12 bytes)
1726659658.077225 sending message 112 to peer 0x276537c0 (13 bytes)
1726659658.077227 sending message 112 to peer 0x276537c0 (13 bytes)
1726659658.077232 sending message 112 to peer 0x276537c0 (13 bytes)
1726659658.077234 sending message 112 to peer 0x276537c0 (13 bytes)
1726659658.077237 sending message 112 to peer 0x276537c0 (13 bytes)
1726659658.077239 sending message 112 to peer 0x276537c0 (13 bytes)
1726659658.077241 sending message 112 to peer 0x276537c0 (13 bytes)
1726659658.077243 sending message 112 to peer 0x276537c0 (10 bytes)
1726659658.077245 sending message 112 to peer 0x276537c0 (13 bytes)
1726659658.077247 sending message 112 to peer 0x276537c0 (12 bytes)
1726659658.077249 sending message 112 to peer 0x276537c0 (12 bytes)
1726659658.077252 sending message 112 to peer 0x276537c0 (12 bytes)
1726659658.077254 sending message 112 to peer 0x276537c0 (10 bytes)
1726659658.077256 sending message 112 to peer 0x276537c0 (10 bytes)
1726659658.077258 sending message 112 to peer 0x276537c0 (10 bytes)
1726659658.077260 sending message 112 to peer 0x276537c0 (12 bytes)
1726659658.077262 sending message 112 to peer 0x276537c0 (13 bytes)
1726659658.077265 sending message 112 to peer 0x276537c0 (13 bytes)
1726659658.077267 sending message 112 to peer 0x276537c0 (13 bytes)
1726659658.077269 sending message 112 to peer 0x276537c0 (13 bytes)
1726659658.077271 sending message 112 to peer 0x276537c0 (13 bytes)
1726659658.077273 sending message 112 to peer 0x276537c0 (10 bytes)
1726659658.077275 sending message 112 to peer 0x276537c0 (11 bytes)
1726659658.077278 sending message 112 to peer 0x276537c0 (12 bytes)
1726659658.077280 sending message 112 to peer 0x276537c0 (12 bytes)
1726659658.077282 sending message 112 to peer 0x276537c0 (12 bytes)
1726659658.077284 sending message 112 to peer 0x276537c0 (12 bytes)
1726659658.077286 sending message 112 to peer 0x276537c0 (12 bytes)
1726659658.077293 sending message 112 to peer 0x276537c0 (11 bytes)
1726659658.077296 sending message 112 to peer 0x276537c0 (12 bytes)
1726659658.077298 sending message 112 to peer 0x276537c0 (12 bytes)
1726659658.077301 sending message 112 to peer 0x276537c0 (13 bytes)
1726659658.077303 sending message 112 to peer 0x276537c0 (13 bytes)
1726659658.077305 sending message 112 to peer 0x276537c0 (13 bytes)
1726659658.077307 sending message 112 to peer 0x276537c0 (13 bytes)
1726659658.077309 sending message 112 to peer 0x276537c0 (13 bytes)
1726659658.077311 sending message 112 to peer 0x276537c0 (10 bytes)
1726659658.077314 sending message 112 to peer 0x276537c0 (9 bytes)
1726659658.077318 sending message 112 to peer 0x276537c0 (12 bytes)
1726659658.077320 sending message 112 to peer 0x276537c0 (13 bytes)
1726659658.077322 sending message 112 to peer 0x276537c0 (13 bytes)
1726659658.077324 sending message 112 to peer 0x276537c0 (13 bytes)
1726659658.077327 sending message 112 to peer 0x276537c0 (13 bytes)
1726659658.077336 sending message 112 to peer 0x276537c0 (13 bytes)
1726659658.077338 sending message 112 to peer 0x276537c0 (9 bytes)
1726659658.077340 sending message 112 to peer 0x276537c0 (12 bytes)
1726659658.077342 sending message 112 to peer 0x276537c0 (13 bytes)
1726659658.077345 sending message 112 to peer 0x276537c0 (13 bytes)
1726659658.077347 sending message 112 to peer 0x276537c0 (13 bytes)
1726659658.077349 sending message 112 to peer 0x276537c0 (13 bytes)
1726659658.077351 sending message 112 to peer 0x276537c0 (13 bytes)
1726659658.077353 sending message 112 to peer 0x276537c0 (11 bytes)
1726659658.077356 sending message 112 to peer 0x276537c0 (12 bytes)
1726659658.077358 sending message 112 to peer 0x276537c0 (13 bytes)
1726659658.077363 sending message 112 to peer 0x276537c0 (13 bytes)
1726659658.077365 sending message 112 to peer 0x276537c0 (13 bytes)
1726659658.077368 sending message 112 to peer 0x276537c0 (13 bytes)
1726659658.077370 sending message 112 to peer 0x276537c0 (13 bytes)
1726659658.077372 sending message 112 to peer 0x276537c0 (11 bytes)
1726659658.077377 sending message 112 to peer 0x276537c0 (12 bytes)
1726659658.077380 sending message 112 to peer 0x276537c0 (12 bytes)
1726659658.077382 sending message 112 to peer 0x276537c0 (12 bytes)
1726659658.077384 sending message 112 to peer 0x276537c0 (12 bytes)
1726659658.077386 sending message 112 to peer 0x276537c0 (12 bytes)
1726659658.077389 sending message 112 to peer 0x276537c0 (21 bytes)
1726659658.077391 sending message 112 to peer 0x276537c0 (12 bytes)
1726659658.077393 sending message 112 to peer 0x276537c0 (9 bytes)
1726659658.077395 sending message 112 to peer 0x276537c0 (6 bytes)
1726659658.077398 sending message 112 to peer 0x276537c0 (13 bytes)
1726659658.077400 sending message 112 to peer 0x276537c0 (10 bytes)
1726659658.077402 sending message 112 to peer 0x276537c0 (24 bytes)
1726659658.077404 sending message 112 to peer 0x276537c0 (13 bytes)
1726659658.077407 sending message 112 to peer 0x276537c0 (9 bytes)
1726659658.077409 sending message 112 to peer 0x276537c0 (70 bytes)
1726659658.077411 sending message 112 to peer 0x276537c0 (69 bytes)
1726659658.077413 sending message 112 to peer 0x276537c0 (12 bytes)
1726659658.077416 sending message 112 to peer 0x276537c0 (10 bytes)
1726659658.077418 sending message 112 to peer 0x276537c0 (10 bytes)
1726659658.077420 sending message 112 to peer 0x276537c0 (24 bytes)
1726659658.077422 sending message 112 to peer 0x276537c0 (13 bytes)
1726659658.077424 sending message 112 to peer 0x276537c0 (10 bytes)
1726659658.077427 sending message 112 to peer 0x276537c0 (10 bytes)
1726659658.077429 sending message 112 to peer 0x276537c0 (10 bytes)
1726659658.077431 sending message 112 to peer 0x276537c0 (13 bytes)
1726659658.077433 sending message 112 to peer 0x276537c0 (15 bytes)
1726659658.077435 sending message 112 to peer 0x276537c0 (5 bytes)
1726659658.077438 sending message 104 to peer 0x276537c0 (0 bytes)
1726659658.077441 sending message 110 to peer 0x276537c0 (0 bytes)
1726659658.077443 sending message 107 to peer 0x276537c0 (4 bytes)
1726659658.077447 sending message 105 to peer 0x276537c0 (20 bytes)
1726659658.077450 sending message 105 to peer 0x276537c0 (54 bytes)
1726659658.077452 sending message 105 to peer 0x276537c0 (23 bytes)
1726659658.077454 sending message 105 to peer 0x276537c0 (19 bytes)
1726659658.077457 sending message 105 to peer 0x276537c0 (11 bytes)
1726659658.077459 sending message 105 to peer 0x276537c0 (12 bytes)
1726659658.077461 sending message 105 to peer 0x276537c0 (33 bytes)
1726659658.077464 sending message 105 to peer 0x276537c0 (184 bytes)
1726659658.077466 sending message 105 to peer 0x276537c0 (92 bytes)
1726659658.077468 sending message 105 to peer 0x276537c0 (95 bytes)
1726659658.077470 sending message 105 to peer 0x276537c0 (36 bytes)
1726659658.077473 sending message 105 to peer 0x276537c0 (14 bytes)
1726659658.077475 sending message 105 to peer 0x276537c0 (687 bytes)
1726659658.077477 sending message 105 to peer 0x276537c0 (71 bytes)
1726659658.077480 sending message 105 to peer 0x276537c0 (16 bytes)
1726659658.077482 sending message 105 to peer 0x276537c0 (43 bytes)
1726659658.077484 sending message 105 to peer 0x276537c0 (413 bytes)
1726659658.077487 sending message 105 to peer 0x276537c0 (47 bytes)
1726659658.077489 sending message 105 to peer 0x276537c0 (22 bytes)
1726659658.077491 sending message 105 to peer 0x276537c0 (28 bytes)
1726659658.077493 sending message 105 to peer 0x276537c0 (22 bytes)
1726659658.077496 sending message 105 to peer 0x276537c0 (21 bytes)
1726659658.077498 sending message 105 to peer 0x276537c0 (22 bytes)
1726659658.077500 sending message 105 to peer 0x276537c0 (90 bytes)
1726659658.077502 sending message 105 to peer 0x276537c0 (15 bytes)
1726659658.077507 sending message 105 to peer 0x276537c0 (60 bytes)
1726659658.077509 sending message 105 to peer 0x276537c0 (18 bytes)
1726659658.077512 sending message 105 to peer 0x276537c0 (128 bytes)
1726659658.077514 sending message 105 to peer 0x276537c0 (17 bytes)
1726659658.077517 sending message 105 to peer 0x276537c0 (23 bytes)
1726659658.077519 sending message 105 to peer 0x276537c0 (30 bytes)
1726659658.077521 sending message 105 to peer 0x276537c0 (27 bytes)
1726659658.077524 sending message 105 to peer 0x276537c0 (24 bytes)
1726659658.077526 sending message 105 to peer 0x276537c0 (20 bytes)
1726659658.077528 sending message 105 to peer 0x276537c0 (23 bytes)
1726659658.077530 sending message 105 to peer 0x276537c0 (21 bytes)
1726659658.077532 sending message 105 to peer 0x276537c0 (25 bytes)
1726659658.077535 sending message 105 to peer 0x276537c0 (20 bytes)
1726659658.077537 sending message 105 to peer 0x276537c0 (72 bytes)
1726659658.077539 sending message 105 to peer 0x276537c0 (87 bytes)
1726659658.077541 sending message 105 to peer 0x276537c0 (215 bytes)
1726659658.077543 sending message 105 to peer 0x276537c0 (64 bytes)
1726659658.077546 sending message 105 to peer 0x276537c0 (112 bytes)
1726659658.077548 sending message 105 to peer 0x276537c0 (13 bytes)
1726659658.077550 sending message 105 to peer 0x276537c0 (16 bytes)
1726659658.077553 sending message 105 to peer 0x276537c0 (138 bytes)
1726659658.077555 sending message 105 to peer 0x276537c0 (51 bytes)
1726659658.077557 sending message 105 to peer 0x276537c0 (43 bytes)
1726659658.077560 sending message 105 to peer 0x276537c0 (8116 bytes)
1726659658.077574 sending message 105 to peer 0x276537c0 (53 bytes)
1726659658.077577 sending message 105 to peer 0x276537c0 (60 bytes)
1726659658.077579 sending message 105 to peer 0x276537c0 (76 bytes)
1726659658.077581 sending message 105 to peer 0x276537c0 (167 bytes)
1726659658.077584 sending message 105 to peer 0x276537c0 (57 bytes)
1726659658.077586 sending message 105 to peer 0x276537c0 (83 bytes)
1726659658.077588 sending message 105 to peer 0x276537c0 (15 bytes)
1726659658.077590 sending message 105 to peer 0x276537c0 (29 bytes)
1726659658.077593 sending message 105 to peer 0x276537c0 (11 bytes)
1726659658.077595 sending message 105 to peer 0x276537c0 (50 bytes)
1726659658.077597 sending message 105 to peer 0x276537c0 (549 bytes)
1726659658.077599 sending message 105 to peer 0x276537c0 (26 bytes)
1726659658.077602 sending message 105 to peer 0x276537c0 (517 bytes)
1726659658.077604 sending message 105 to peer 0x276537c0 (301 bytes)
1726659658.077606 sending message 105 to peer 0x276537c0 (30 bytes)
1726659658.077609 sending message 105 to peer 0x276537c0 (7151 bytes)
1726659658.077612 sending message 105 to peer 0x276537c0 (23 bytes)
1726659658.077614 sending message 105 to peer 0x276537c0 (80 bytes)
1726659658.077616 sending message 105 to peer 0x276537c0 (42 bytes)
1726659658.077618 sending message 105 to peer 0x276537c0 (8 bytes)
1726659658.077621 sending message 105 to peer 0x276537c0 (103 bytes)
1726659658.077623 sending message 105 to peer 0x276537c0 (90 bytes)
1726659658.077625 sending message 105 to peer 0x276537c0 (22 bytes)
1726659658.077627 sending message 105 to peer 0x276537c0 (20 bytes)
1726659658.077630 sending message 105 to peer 0x276537c0 (85 bytes)
1726659658.077632 sending message 105 to peer 0x276537c0 (258 bytes)
1726659658.077634 sending message 105 to peer 0x276537c0 (18 bytes)
1726659658.077636 sending message 105 to peer 0x276537c0 (25 bytes)
1726659658.077639 sending message 105 to peer 0x276537c0 (45 bytes)
1726659658.077641 sending message 105 to peer 0x276537c0 (14 bytes)
1726659658.077643 sending message 105 to peer 0x276537c0 (27 bytes)
1726659658.077645 sending message 105 to peer 0x276537c0 (20 bytes)
1726659658.077647 sending message 105 to peer 0x276537c0 (10 bytes)
1726659658.077650 sending message 105 to peer 0x276537c0 (26 bytes)
1726659658.077652 sending message 105 to peer 0x276537c0 (39 bytes)
1726659658.077654 sending message 105 to peer 0x276537c0 (674 bytes)
1726659658.077659 sending message 105 to peer 0x276537c0 (922 bytes)
1726659658.077661 sending message 105 to peer 0x276537c0 (24 bytes)
1726659658.077664 sending message 105 to peer 0x276537c0 (15557 bytes)
1726659658.077673 sending message 105 to peer 0x276537c0 (24 bytes)
1726659658.077676 sending message 105 to peer 0x276537c0 (31 bytes)
1726659658.077678 sending message 105 to peer 0x276537c0 (15 bytes)
1726659658.077681 sending message 105 to peer 0x276537c0 (52 bytes)
1726659658.077683 sending message 105 to peer 0x276537c0 (23 bytes)
1726659658.077685 sending message 105 to peer 0x276537c0 (24 bytes)
1726659658.077688 sending message 105 to peer 0x276537c0 (17 bytes)
1726659658.077690 sending message 105 to peer 0x276537c0 (58 bytes)
1726659658.077692 sending message 105 to peer 0x276537c0 (25 bytes)
1726659658.077694 sending message 105 to peer 0x276537c0 (11 bytes)
1726659658.077696 sending message 105 to peer 0x276537c0 (22 bytes)
1726659658.077699 sending message 105 to peer 0x276537c0 (24 bytes)
1726659658.077701 sending message 105 to peer 0x276537c0 (44 bytes)
1726659658.077703 sending message 105 to peer 0x276537c0 (25 bytes)
1726659658.077705 sending message 105 to peer 0x276537c0 (29 bytes)
1726659658.077707 sending message 105 to peer 0x276537c0 (31 bytes)
1726659658.077709 sending message 105 to peer 0x276537c0 (17 bytes)
1726659658.077712 sending message 105 to peer 0x276537c0 (1905 bytes)
1726659658.077714 sending message 105 to peer 0x276537c0 (18 bytes)
1726659658.077717 sending message 105 to peer 0x276537c0 (19 bytes)
1726659658.077719 sending message 105 to peer 0x276537c0 (38 bytes)
1726659658.077721 sending message 105 to peer 0x276537c0 (39 bytes)
1726659658.077724 sending message 106 to peer 0x276537c0 (0 bytes)
1726659658.077781 sending message 200 to peer 0x276537c0 (4 bytes)
1726659658.077785 client loop enter
1726659658.078986 peer 0x276537c0 message 303
1726659658.079001 open write file 2 -
1726659658.079006 sending message 305 to peer 0x276537c0 (8 bytes)
1726659658.079011 write check file 2
1726659658.079201 peer 0x276537c0 message 304
1726659658.079203 write 58 to file 2
1726659658.079205 peer 0x276537c0 message 203
1726659658.079206 file 2 58 bytes left
1726659658.079211 write check file 2
1726659658.079212 client loop exit
